BACI System: BenAri Pascal PCODE Compiler, 12:29  18 Jul 2004
Source file: C:\Users\bu0532\jbaci\examples\graph.pm  Tue Jun 18 11:58:21 2024
 line  pc
   1    0  program Graph;
   2    0  { Demonstate jBACI graphics; fragment of alien program. }
   3    0  
   4    0  #include "gdefs.pm"
>   1    0  { Constant definitions for jBACI graphics. }
>   2    0  const
>   3    0  	RED = 1; BLACK = 2; BLUE = 3; YELLOW = 4; GREEN = 5; MAGENTA = 6; WHITE = 7;
>   4    0  	CIRCLE = 1; LINE = 2; RECTANGLE = 3; TRIANGLE = 4;
>   5    0  
Returning to file C:\Users\bu0532\jbaci\examples\graph.pm
   5    0  const
   6    0  	ALIENHEAD = 1;		ALIENBODY = 2;
   7    0  	MISSILEHEAD = 3; 	MISSILEBODY = 4;
   8    0  var	s: binarysem := 1;
   9    0  
  10    0  	procedure MoveAlien;
  11    0  	var I: integer;
  12    0  	begin
  13    0  		for I := 1 to 40 do
  14    4  			begin
  15    4  			wait(s);
  16    6  			moveby(ALIENHEAD, 10, 0);
  17   10  			moveby(ALIENBODY, 10, 0);
  18   14  			signal(s);
  19   16  			end
  20   17  	end;
  21   18  
  22   18  	procedure Shoot;
  23   18  	var I: integer;
  24   18  	begin
  25   18  		for I := 1 to 40 do
  26   22  			begin
  27   22  			wait(s);
  28   24  			moveby(MISSILEHEAD, 0, -11);
  29   29  			moveby(MISSILEBODY, 0, -11);
  30   34  			signal(s);
  31   36  			end
  32   37  	end;
  33   38  
  34   38  begin
  35   42  	create(ALIENBODY,   RECTANGLE, RED,   30, 50,  30, 30);
  36   50  	create(ALIENHEAD,   CIRCLE,    RED,   60, 50,  30, 30);
  37   58  	create(MISSILEBODY, RECTANGLE, BLUE, 400, 400, 30, 50);
  38   66  	create(MISSILEHEAD, TRIANGLE,  BLUE, 415, 370, 30, 30);
  39   74  	cobegin
  40   75  		Shoot;
  41   77  		MoveAlien;
  42   79  	coend;
  43   80  end.
