BACI System: BenAri Pascal PCODE Compiler, 12:29  18 Jul 2004
Source file: C:\Users\bu0532\jbaci\examples\lab5_5.pm  Wed Jun 19 13:52:48 2024
 line  pc
   1    0  program Exo52;
   2    0  
   3    0  VAR s1:BINARYSEM := 0;
   4    0  VAR s2:BINARYSEM := 0;
   5    0  
   6    0  PROCEDURE P1;
   7    0  BEGIN
   8    0  	writeln("Sentence 1 of P1");
   9    2  	WAIT(s1);
  10    4  	SIGNAL(s2);
  11    6  	writeln("Sentence 2 of P1");
  12    8  END;
  13    9  
  14    9  PROCEDURE P2;
  15    9  BEGIN
  16    9  	writeln("Sentence 1 of P2");
  17   11  	SIGNAL(s1);
  18   13  	WAIT(s2);
  19   15  	writeln("Sentence 2 of P2");
  20   17  END;
  21   18  
  22   18  BEGIN
  23   25  	COBEGIN
  24   26  		P1;
  25   28  		P2;
  26   30  	COEND;
  27   31  END.
