BACI System: BenAri Pascal PCODE Compiler, 12:29  18 Jul 2004
Source file: C:\Users\bu0532\jbaci\examples\lab5_4.pm  Wed Jun 19 13:49:06 2024
 line  pc
   1    0  program Exo51;
   2    0  
   3    0  VAR s:SEMAPHORE := 0;
   4    0  
   5    0  PROCEDURE A;
   6    0  BEGIN
   7    0  	writeln("I am the process A");
   8    2  END;
   9    3  
  10    3  PROCEDURE B;
  11    3  BEGIN
  12    3  	writeln("I am the process B");
  13    5  END;
  14    6  
  15    6  PROCEDURE C;
  16    6  BEGIN
  17    6  	writeln("I am the process C");
  18    8  END;
  19    9  
  20    9  PROCEDURE D;
  21    9  BEGIN
  22    9  	writeln("I am the process D");
  23   11  END;
  24   12  
  25   12  BEGIN
  26   16  	COBEGIN
  27   17  		BEGIN
  28   17  			A;
  29   19  			WAIT(s);
  30   21  			B;
  31   23  		END;
  32   23  		
  33   23  		BEGIN
  34   23  			C;
  35   25  			SIGNAL(s);
  36   27  			D;
  37   29  		END;
  38   29  	COEND;
  39   30  END.
